<?xml version="1.0" encoding="utf-8"?><testsuites name="pytest tests"><testsuite name="pytest" errors="0" failures="0" skipped="1" tests="1503" time="130.523" timestamp="2026-08-21T02:54:51.905983+05:30" hostname="DESKTOP-5DD02CR"><testcase classname="tests.test_asr_worker" name="test_warmup_uses_default_initial_prompt" time="0.001" /><testcase classname="tests.test_asr_worker" name="test_warmup_uses_custom_warmup_context" time="0.001" /><testcase classname="tests.test_asr_worker" name="test_real_transcription_has_no_initial_prompt" time="0.001" /><testcase classname="tests.test_asr_worker" name="test_real_transcription_uses_configured_vad_parameters" time="0.001" /><testcase classname="tests.test_asr_worker" name="test_warmup_disables_vad_filter" time="0.001" /><testcase classname="tests.test_asr_worker" name="test_filter_keeps_real_speech_segment" time="0.001" /><testcase classname="tests.test_asr_worker" name="test_filter_drops_high_no_speech_prob_segment" time="0.000" /><testcase classname="tests.test_asr_worker" name="test_filter_drops_repetitive_hallucination_segment" time="0.001" /><testcase classname="tests.test_asr_worker" name="test_filter_mixed_segments_keeps_only_valid_ones" time="0.001" /><testcase classname="tests.test_asr_worker" name="test_filter_drops_low_confidence_segment" time="0.001" /><testcase classname="tests.test_asr_worker" name="test_filter_drops_thank_you_hallucination_on_borderline_silence" time="0.001" /><testcase classname="tests.test_asr_worker" name="test_filter_keeps_genuine_thank_you" time="0.001" /><testcase classname="tests.test_attention" name="test_tool_call_is_silent" time="0.000" /><testcase classname="tests.test_attention" name="test_tool_approval_request_is_interrupt" time="0.000" /><testcase classname="tests.test_attention" name="test_extension_pending_is_interrupt" time="0.000" /><testcase classname="tests.test_attention" name="test_recovery_proposal_is_interrupt" time="0.000" /><testcase classname="tests.test_attention" name="test_alert_error_severity_is_attention" time="0.000" /><testcase classname="tests.test_attention" name="test_alert_warning_severity_is_inform" time="0.000" /><testcase classname="tests.test_attention" name="test_alert_unknown_severity_is_passive" time="0.000" /><testcase classname="tests.test_attention" name="test_background_task_running_is_silent" time="0.000" /><testcase classname="tests.test_attention" name="test_background_task_failed_is_attention" time="0.000" /><testcase classname="tests.test_attention" name="test_background_task_done_is_inform" time="0.001" /><testcase classname="tests.test_attention" name="test_unmapped_event_type_defaults_silent" time="0.001" /><testcase classname="tests.test_attention" name="test_unknown_event_type_string_defaults_silent" time="0.000" /><testcase classname="tests.test_attention" name="test_focus_mode_caps_attention_to_inform" time="0.001" /><testcase classname="tests.test_attention" name="test_focus_mode_does_not_cap_interrupt" time="0.001" /><testcase classname="tests.test_attention" name="test_focus_mode_does_not_raise_already_low_level" time="0.001" /><testcase classname="tests.test_attention" name="test_no_ctx_means_no_capping" time="0.001" /><testcase classname="tests.test_attention" name="test_cooldown_suppresses_repeat_within_window" time="0.001" /><testcase classname="tests.test_attention" name="test_cooldown_allows_repeat_after_window" time="0.001" /><testcase classname="tests.test_attention" name="test_cooldown_never_suppresses_interrupt" time="0.000" /><testcase classname="tests.test_attention" name="test_no_cooldown_dict_means_no_deduping" time="0.000" /><testcase classname="tests.test_attention" name="test_attention_level_is_ordered" time="0.000" /><testcase classname="tests.test_audit_store" name="test_audit_store_redacts_sensitive_arguments" time="0.027" /><testcase classname="tests.test_autonomy.TestClassifyActionShell" name="test_hard_blocked_keyword_is_irreversible" time="0.001" /><testcase classname="tests.test_autonomy.TestClassifyActionShell" name="test_shell_metacharacter_is_irreversible" time="0.001" /><testcase classname="tests.test_autonomy.TestClassifyActionShell" name="test_gated_keyword_is_destructive" time="0.001" /><testcase classname="tests.test_autonomy.TestClassifyActionShell" name="test_unmatched_command_requires_explicit_approval" time="0.000" /><testcase classname="tests.test_autonomy.TestClassifyActionPath" name="test_sensitive_path_is_security_sensitive" time="0.002" /><testcase classname="tests.test_autonomy.TestClassifyActionPath" name="test_ordinary_path_is_safe" time="0.002" /><testcase classname="tests.test_autonomy.TestClassifyActionInjection" name="test_injected_command_is_security_sensitive" time="0.000" /><testcase classname="tests.test_autonomy.TestClassifyActionInjection" name="test_unrelated_command_with_external_text_still_requires_approval" time="0.001" /><testcase classname="tests.test_autonomy.TestClassifyActionDesktop" name="test_desktop_window_close_is_allowed" time="0.000" /><testcase classname="tests.test_autonomy.TestClassifyActionDesktop" name="test_desktop_window_minimize_is_allowed" time="0.000" /><testcase classname="tests.test_autonomy.TestClassifyActionDesktop" name="test_desktop_click_is_allowed" time="0.000" /><testcase classname="tests.test_autonomy.TestEvaluate" name="test_irreversible_maps_to_block" time="0.000" /><testcase classname="tests.test_autonomy.TestEvaluate" name="test_destructive_maps_to_approve" time="0.001" /><testcase classname="tests.test_autonomy.TestEvaluate" name="test_security_sensitive_maps_to_approve" time="0.003" /><testcase classname="tests.test_autonomy.TestEvaluate" name="test_safe_maps_to_allow" time="0.001" /><testcase classname="tests.test_autonomy.TestEvaluate" name="test_ctx_and_prefs_are_accepted_but_optional" time="0.000" /><testcase classname="tests.test_autonomy.TestClassifyActionRegistryFallback" name="test_unregistered_tool_fails_closed_to_approval" time="0.000" /><testcase classname="tests.test_autonomy.TestClassifyActionRegistryFallback" name="test_registered_baseline_wins_over_hardcoded_safe" time="0.000" /><testcase classname="tests.test_autonomy" name="test_action_class_enum_has_four_values" time="0.000" /><testcase classname="tests.test_autonomy" name="test_requirement_enum_has_four_values" time="0.001" /><testcase classname="tests.test_background_task" name="test_start_plans_and_runs_immediately" time="0.688" /><testcase classname="tests.test_background_task" name="test_second_start_queues_behind_first_active_task" time="1.317" /><testcase classname="tests.test_background_task" name="test_start_returns_without_blocking_on_run_loop" time="0.677" /><testcase classname="tests.test_background_task" name="test_lifecycle_alerts_speak_and_emit_start_and_complete" time="0.677" /><testcase classname="tests.test_background_task" name="test_failed_task_alert_omits_raw_exception_text" time="0.723" /><testcase classname="tests.test_background_task" name="test_cancelling_running_task_cancels_its_active_brain_generation" time="0.038" /><testcase classname="tests.test_background_task" name="test_completed_task_persists_a_result" time="0.741" /><testcase classname="tests.test_background_task" name="test_completed_task_fires_on_result_stored_callback" time="0.781" /><testcase classname="tests.test_background_task" name="test_count_active_tasks_reflects_queue_depth" time="1.363" /><testcase classname="tests.test_background_task" name="test_check_interrupted_task_returns_none_when_no_file" time="0.006" /><testcase classname="tests.test_background_task" name="test_check_interrupted_task_returns_none_when_last_run_was_terminal" time="0.005" /><testcase classname="tests.test_background_task" name="test_check_interrupted_task_detects_and_marks_failed_non_terminal_state" time="0.007" /><testcase classname="tests.test_background_task" name="test_run_loop_persists_state_to_disk" time="0.733" /><testcase classname="tests.test_background_task" name="test_parse_steps_ignores_non_numbered_lines" time="0.003" /><testcase classname="tests.test_background_task" name="test_scan_gated_steps_flags_desktop_and_shell_keywords" time="0.003" /><testcase classname="tests.test_background_task" name="test_wait_until_clear_uses_idle_seconds_before_any_action" time="0.004" /><testcase classname="tests.test_background_task" name="test_wait_until_clear_pauses_then_clears_on_real_input" time="0.078" /><testcase classname="tests.test_background_task" name="test_wait_until_clear_cancel_returns_false" time="0.005" /><testcase classname="tests.test_background_task" name="test_wait_for_desktop_acquires_immediately_when_free" time="0.005" /><testcase classname="tests.test_background_task" name="test_wait_for_desktop_serializes_two_concurrent_tasks" time="0.030" /><testcase classname="tests.test_background_task" name="test_wait_for_desktop_gives_up_when_cancelled_while_waiting" time="0.044" /><testcase classname="tests.test_background_task" name="test_register_panic_hotkey_false_skips_listener" time="0.723" /><testcase classname="tests.test_background_task" name="test_approval_timeout_none_parks_instead_of_declining" time="0.669" /><testcase classname="tests.test_background_task" name="test_background_approval_omits_session_id" time="0.616" /><testcase classname="tests.test_background_task" name="test_foreground_approval_uses_active_session_id" time="0.645" /><testcase classname="tests.test_background_task" name="test_start_wires_session_store_and_memory_store_into_background_brain" time="0.619" /><testcase classname="tests.test_background_task" name="test_approval_timeout_defaults_to_module_constant" time="0.598" /><testcase classname="tests.test_backup_service" name="test_export_snapshot_contains_selected_local_records" time="0.020" /><testcase classname="tests.test_backup_service" name="test_export_snapshot_can_be_decrypted_with_explicit_passphrase" time="0.141" /><testcase classname="tests.test_backup_service" name="test_backup_status_describes_explicit_encryption" time="0.002" /><testcase classname="tests.test_barge_in_flush.TestFlushCompleteSentences" name="test_no_boundary_returns_buffer_unflushed" time="0.001" /><testcase classname="tests.test_barge_in_flush.TestFlushCompleteSentences" name="test_single_complete_sentence_flushes_and_clears" time="0.000" /><testcase classname="tests.test_barge_in_flush.TestFlushCompleteSentences" name="test_trailing_incomplete_sentence_kept_as_leftover" time="0.000" /><testcase classname="tests.test_barge_in_flush.TestFlushCompleteSentences" name="test_multiple_complete_sentences_all_flushed_in_order" time="0.000" /><testcase classname="tests.test_barge_in_flush" name="test_max_flush_chars_is_200" time="0.000" /><testcase classname="tests.test_barge_in_flush" name="test_flush_order_is_sentence_then_clause_then_force" time="0.005" /><testcase classname="tests.test_barge_in_flush" name="test_first_flush_force_threshold_is_150" time="0.006" /><testcase classname="tests.test_browser" name="test_fastpath_youtube_play_picks_matching_channel" time="0.001" /><testcase classname="tests.test_browser" name="test_fastpath_youtube_play_skips_short_videos" time="0.001" /><testcase classname="tests.test_browser" name="test_fastpath_youtube_play_empty_html_falls_through" time="0.001" /><testcase classname="tests.test_browser" name="test_fastpath_youtube_play_http_error_returns_none" time="0.001" /><testcase classname="tests.test_browser" name="test_parse_snapshot_assigns_marks_and_refs" time="0.001" /><testcase classname="tests.test_browser" name="test_rank_and_cap_dedupes_and_orders_inputs_first" time="0.001" /><testcase classname="tests.test_browser" name="test_rank_and_cap_respects_max_marks" time="0.001" /><testcase classname="tests.test_browser" name="test_is_blocked_on_status_code" time="0.000" /><testcase classname="tests.test_browser" name="test_is_blocked_on_challenge_phrase" time="0.001" /><testcase classname="tests.test_browser" name="test_is_blocked_false_for_sparse_legitimate_page" time="0.001" /><testcase classname="tests.test_browser" name="test_resolve_mark_raises_with_message_for_unknown_id" time="0.001" /><testcase classname="tests.test_browser" name="test_resolve_mark_returns_recorded_mark" time="0.001" /><testcase classname="tests.test_browser" name="test_cache_get_set_round_trip" time="0.001" /><testcase classname="tests.test_browser" name="test_cache_expires_after_ttl" time="0.001" /><testcase classname="tests.test_browser" name="test_has_open_intent_on_verbs_and_phrases" time="0.001" /><testcase classname="tests.test_browser" name="test_is_bare_followup" time="0.001" /><testcase classname="tests.test_browser" name="test_is_freshness_sensitive" time="0.001" /><testcase classname="tests.test_browser" name="test_parse_site_intent_removes_command_words_and_site_name" time="0.001" /><testcase classname="tests.test_browser" name="test_parse_action_accepts_common_structured_variants" time="0.001" /><testcase classname="tests.test_browser" name="test_run_task_done_action_returns_result" time="0.004" /><testcase classname="tests.test_browser" name="test_run_task_exhausts_steps_returns_fallback" time="0.005" /><testcase classname="tests.test_browser" name="test_run_task_blocked_after_first_step_stops" time="0.003" /><testcase classname="tests.test_browser" name="test_run_task_purchase_click_declined_stops_without_clicking" time="0.003" /><testcase classname="tests.test_browser" name="test_run_task_click_without_purchase_keyword_skips_gate" time="0.004" /><testcase classname="tests.test_browser" name="test_resolve_uses_cache_when_available" time="0.003" /><testcase classname="tests.test_browser" name="test_resolve_skips_cache_for_freshness_sensitive_tasks" time="0.002" /><testcase classname="tests.test_browser" name="test_resolve_falls_through_to_tier3_when_no_tier_matches" time="0.001" /><testcase classname="tests.test_browser" name="test_resolve_escalates_blocked_tier3_to_tier4" time="0.003" /><testcase classname="tests.test_browser" name="test_resolve_reports_when_stealth_also_fails" time="0.003" /><testcase classname="tests.test_browser" name="test_resolve_holds_and_releases_the_browser_capability" time="0.002" /><testcase classname="tests.test_browser" name="test_idle_check_does_not_shutdown_during_active_browser_task" time="0.001" /><testcase classname="tests.test_browser" name="test_resolve_serializes_two_concurrent_browser_tasks" time="0.040" /><testcase classname="tests.test_browser" name="test_resolve_reports_busy_when_lock_wait_exceeds_deadline" time="0.046" /><testcase classname="tests.test_browser" name="test_browser_tools_disabled_message" time="0.001" /><testcase classname="tests.test_browser" name="test_browser_task_direct_call_errors" time="0.001" /><testcase classname="tests.test_browser" name="test_match_open_app_defers_website_with_leftover" time="0.002" /><testcase classname="tests.test_browser" name="test_match_open_app_bare_website_still_launches" time="0.001" /><testcase classname="tests.test_browser" name="test_match_browser_task_matches_play_on_site" time="0.001" /><testcase classname="tests.test_browser" name="test_match_browser_task_matches_search_on_site" time="0.001" /><testcase classname="tests.test_browser" name="test_match_browser_task_ignores_unknown_site" time="0.001" /><testcase classname="tests.test_browser" name="test_match_browser_task_ignores_non_matching_verb" time="0.001" /><testcase classname="tests.test_browser" name="test_site_search_skips_unfillable_combobox_falls_back_to_textbox" time="0.001" /><testcase classname="tests.test_browser" name="test_site_search_returns_none_when_no_candidate_fillable" time="0.003" /><testcase classname="tests.test_browser" name="test_retry_blocked_restores_event_loop_policy" time="0.001" /><testcase classname="tests.test_browser" name="test_launch_skips_windows_policy_swap_off_windows" time="0.001" /><testcase classname="tests.test_calendar_scheduler" name="test_due_reminder_is_delivered_once" time="0.042" /><testcase classname="tests.test_calendar_store" name="test_calendar_events_survive_store_reopen" time="0.029" /><testcase classname="tests.test_capabilities" name="test_roster_snapshot_includes_every_registered_tool" time="0.002" /><testcase classname="tests.test_capabilities" name="test_roster_groups_by_owner_label" time="0.001" /><testcase classname="tests.test_capabilities" name="test_roster_empty_registry_returns_empty_string" time="0.001" /><testcase classname="tests.test_capabilities" name="test_snapshot_is_machine_readable_and_secret_free" time="0.001" /><testcase classname="tests.test_capabilities" name="test_capabilities_endpoint_uses_live_registry" time="0.002" /><testcase classname="tests.test_capability_index" name="test_capability_operation_validation" time="0.001" /><testcase classname="tests.test_capability_index" name="test_capability_descriptor_validation" time="0.001" /><testcase classname="tests.test_capability_index" name="test_capability_index_registration_and_lookup" time="0.001" /><testcase classname="tests.test_capability_index" name="test_capability_index_availability_and_health" time="0.001" /><testcase classname="tests.test_capability_index" name="test_capability_index_provenance_and_mcp" time="0.001" /><testcase classname="tests.test_capability_index" name="test_capability_schema_filtering" time="0.001" /><testcase classname="tests.test_capability_index" name="test_capability_lease_manager_integration" time="0.067" /><testcase classname="tests.test_capability_index" name="test_autonomy_policy_queries_capability_index" time="0.001" /><testcase classname="tests.test_capability_index" name="test_tool_registry_compatibility_sync" time="0.001" /><testcase classname="tests.test_capability_index" name="test_mcp_client_registration_in_capability_index" time="0.001" /><testcase classname="tests.test_capability_index" name="test_skill_extension_registration_in_capability_index" time="0.001" /><testcase classname="tests.test_capability_leases" name="test_lease_manager_waits_wakes_and_releases" time="0.002" /><testcase classname="tests.test_capability_leases" name="test_lease_manager_supports_timeout_cancel_and_idempotent_release" time="0.023" /><testcase classname="tests.test_capability_leases" name="test_acquire_many_is_deterministic_and_rolls_back_on_cancellation" time="0.002" /><testcase classname="tests.test_capability_leases" name="test_manual_takeover_releases_matching_owner_and_notifies" time="0.001" /><testcase classname="tests.test_chat_stream" name="test_budget_exhaustion" time="0.816" /><testcase classname="tests.test_chat_stream" name="test_explicit_remember_bypasses_model_tool_calling" time="0.644" /><testcase classname="tests.test_chat_stream" name="test_explicit_recall_bypasses_model_tool_calling" time="0.537" /><testcase classname="tests.test_chat_stream" name="test_partial_budget_spend_runs_affordable_calls_not_whole_batch_abort" time="0.715" /><testcase classname="tests.test_chat_stream" name="test_extract_bare_tool_calls" time="0.586" /><testcase classname="tests.test_chat_stream" name="test_extract_bare_tool_dedup" time="0.545" /><testcase classname="tests.test_chat_stream" name="test_extract_mixed_tool_formats" time="0.573" /><testcase classname="tests.test_chat_stream" name="test_extract_multi_arg_tool_calls" time="0.675" /><testcase classname="tests.test_chat_stream" name="test_detect_close_app" time="0.002" /><testcase classname="tests.test_chat_stream" name="test_is_low_confidence_desktop_call_true_for_click_at" time="0.001" /><testcase classname="tests.test_chat_stream" name="test_is_low_confidence_desktop_call_uses_mark_resolution" time="0.001" /><testcase classname="tests.test_chat_stream" name="test_is_low_confidence_desktop_call_false_for_non_mark_tool" time="0.001" /><testcase classname="tests.test_chat_stream" name="test_auto_halt_threshold_is_one_for_low_confidence_call" time="0.614" /><testcase classname="tests.test_chat_stream" name="test_auto_halt_threshold_is_two_for_regular_desktop_call" time="0.570" /><testcase classname="tests.test_chat_stream" name="test_chat_stream_injects_idle_seconds_when_desktop_available" time="0.683" /><testcase classname="tests.test_chat_stream" name="test_chat_stream_omits_idle_seconds_when_desktop_unavailable" time="0.582" /><testcase classname="tests.test_chat_stream" name="test_detect_background_task_status_no_active_task" time="0.001" /><testcase classname="tests.test_chat_stream" name="test_detect_background_task_status_no_match" time="0.001" /><testcase classname="tests.test_chat_stream" name="test_detect_background_task_status_running_task" time="0.001" /><testcase classname="tests.test_chat_stream" name="test_detect_background_task_status_paused_task" time="0.001" /><testcase classname="tests.test_chat_stream" name="test_detect_background_task_status_terminal_task_falls_through" time="0.001" /><testcase classname="tests.test_chat_stream" name="test_detect_open_app" time="0.002" /><testcase classname="tests.test_chat_stream" name="test_detect_open_app_partial_failure" time="0.001" /><testcase classname="tests.test_chat_stream" name="test_detect_open_app_all_failures" time="0.001" /><testcase classname="tests.test_chat_stream" name="testis_process_running_against_real_processes" time="0.017" /><testcase classname="tests.test_chat_stream" name="test_detect_open_app_focuses_already_running_instead_of_relaunching" time="0.001" /><testcase classname="tests.test_chat_stream" name="test_detect_open_app_mixed_running_and_not_running" time="0.001" /><testcase classname="tests.test_chat_stream" name="test_detect_open_app_does_not_open_filename_as_website" time="0.001" /><testcase classname="tests.test_chat_stream" name="test_chat_stream_fast_path_close_open" time="0.623" /><testcase classname="tests.test_chat_stream" name="test_chat_stream_background_task_status_fast_path" time="0.537" /><testcase classname="tests.test_chat_stream" name="test_chat_stream_compound_open_app_continues_with_llm" time="0.847" /><testcase classname="tests.test_chat_stream" name="test_visual_screenshot_queued_after_initial_payload_not_before" time="0.719" /><testcase classname="tests.test_chat_stream" name="test_chat_stream_skip_tools" time="0.757" /><testcase classname="tests.test_chat_stream" name="test_build_native_tool_results_truncates_oversized_content" time="0.001" /><testcase classname="tests.test_chat_stream" name="test_build_native_tool_results_keeps_short_content_unchanged" time="0.001" /><testcase classname="tests.test_chat_stream" name="test_plugin_fs_search_has_extended_timeout" time="0.001" /><testcase classname="tests.test_code_index" name="test_code_index_initial_scan" time="0.043" /><testcase classname="tests.test_code_index" name="test_code_index_typescript_and_react" time="0.017" /><testcase classname="tests.test_code_index" name="test_code_index_incremental_modification" time="0.034" /><testcase classname="tests.test_code_index" name="test_code_index_deletion" time="0.019" /><testcase classname="tests.test_code_index" name="test_code_index_rename" time="0.019" /><testcase classname="tests.test_code_index" name="test_code_index_syntax_error_isolation" time="0.023" /><testcase classname="tests.test_code_index" name="test_code_index_secret_exclusions" time="0.017" /><testcase classname="tests.test_code_index" name="test_code_index_path_traversal_and_symlink_rejection" time="0.019" /><testcase classname="tests.test_code_index" name="test_code_index_excerpt_bounds" time="0.019" /><testcase classname="tests.test_code_index" name="test_code_index_search_ranking" time="0.017" /><testcase classname="tests.test_code_index" name="test_code_index_stats_and_kinds" time="0.018" /><testcase classname="tests.test_code_index" name="test_code_index_live_repo_sanity" time="0.942" /><testcase classname="tests.test_compression" name="test_compression_trigger" time="0.006" /><testcase classname="tests.test_compression" name="test_compression_threshold_from_config_is_honored" time="0.003" /><testcase classname="tests.test_compression" name="test_halve_keeps_system_and_recent" time="0.002" /><testcase classname="tests.test_compression" name="test_halve_no_drop_when_short" time="0.002" /><testcase classname="tests.test_compression" name="test_halve_no_system_msg" time="0.003" /><testcase classname="tests.test_compression" name="test_halve_stub_fallback_no_url" time="0.004" /><testcase classname="tests.test_config_api" name="test_get_dashboard_config" time="0.002" /><testcase classname="tests.test_config_api" name="test_desktop_idle_threshold_default" time="0.035" /><testcase classname="tests.test_config_api" name="test_get_dashboard_config_masks_secrets" time="0.003" /><testcase classname="tests.test_config_api" name="test_update_dashboard_config" time="0.003" /><testcase classname="tests.test_config_api" name="test_update_dashboard_config_ignores_unknown_keys" time="0.002" /><testcase classname="tests.test_config_api" name="test_update_dashboard_config_rejects_invalid_types_without_partial_apply" time="0.002" /><testcase classname="tests.test_config_api" name="test_update_dashboard_config_never_pushes_to_live_engine" time="0.002" /><testcase classname="tests.test_config_api" name="test_reload_engine_config_sends_system_restart" time="0.002" /><testcase classname="tests.test_config_api" name="test_reload_engine_config_without_voice_process" time="0.002" /><testcase classname="tests.test_config_api" name="test_delete_memory_fact" time="0.055" /><testcase classname="tests.test_context" name="test_build_context_reads_idle_and_foreground" time="0.001" /><testcase classname="tests.test_context" name="test_build_context_handles_no_foreground_window" time="0.001" /><testcase classname="tests.test_context" name="test_focus_mode_true_for_productive_app_with_recent_input" time="0.001" /><testcase classname="tests.test_context" name="test_focus_mode_false_for_non_productive_app" time="0.001" /><testcase classname="tests.test_context" name="test_focus_mode_false_when_idle_too_long_even_on_productive_app" time="0.001" /><testcase classname="tests.test_context" name="test_voice_override_wins_over_heuristic" time="0.001" /><testcase classname="tests.test_context" name="test_running_task_count_reflects_active_background_task" time="0.001" /><testcase classname="tests.test_context" name="test_running_task_count_reflects_queue_depth_beyond_one" time="0.001" /><testcase classname="tests.test_context" name="test_running_task_count_zero_when_no_task" time="0.001" /><testcase classname="tests.test_context" name="test_conversation_age_computed_from_last_turn" time="0.001" /><testcase classname="tests.test_context" name="test_conversation_age_none_when_not_provided" time="0.001" /><testcase classname="tests.test_context" name="test_context_summary_uses_world_model_when_provided" time="0.001" /><testcase classname="tests.test_context" name="test_context_summary_empty_when_no_world_model" time="0.001" /><testcase classname="tests.test_context" name="test_cache_returns_same_snapshot_within_ttl" time="0.001" /><testcase classname="tests.test_context" name="test_cache_refreshes_after_ttl_expires" time="0.001" /><testcase classname="tests.test_core_extract.TestBarePatternGating" name="test_native_mode_ignores_bare_in_prose" time="0.001" /><testcase classname="tests.test_core_extract.TestBarePatternGating" name="test_text_mode_extracts_bare_calls" time="0.001" /><testcase classname="tests.test_core_extract.TestBarePatternGating" name="test_explicit_tool_prefix_works_in_both_modes" time="0.001" /><testcase classname="tests.test_core_extract.TestBarePatternGating" name="test_empty_input" time="0.001" /><testcase classname="tests.test_core_extract.TestBarePatternGating" name="test_multiple_bare_calls_text_mode" time="0.001" /><testcase classname="tests.test_core_extract.TestBarePatternGating" name="test_desktop_tool_param_names_no_longer_drift" time="0.001" /><testcase classname="tests.test_core_extract.TestBarePatternGating" name="test_graph_add_fact_multi_param_no_longer_drift" time="0.001" /><testcase classname="tests.test_core_extract.TestBarePatternGating" name="test_zero_arg_tool_gets_empty_arguments" time="0.001" /><testcase classname="tests.test_core_extract.TestBarePatternGating" name="test_unknown_tool_name_falls_back_to_query" time="0.001" /><testcase classname="tests.test_core_extract.TestGroundingRules" name="test_grounding_contract_in_tool_rules" time="0.001" /><testcase classname="tests.test_core_extract.TestGroundingRules" name="test_anti_fabrication_in_tool_rules" time="0.001" /><testcase classname="tests.test_core_extract.TestGroundingRules" name="test_tool_result_trust_in_tool_rules" time="0.001" /><testcase classname="tests.test_core_extract.TestGroundingRules" name="test_memory_humility_in_tool_rules" time="0.001" /><testcase classname="tests.test_core_extract.TestGroundingRules" name="test_soul_has_grounding_line" time="0.001" /><testcase classname="tests.test_core_extract.TestGroundingRules" name="test_volatile_tier_shows_evidence_blocks" time="0.001" /><testcase classname="tests.test_core_extract.TestGroundingRules" name="test_volatile_tier_no_evidence" time="0.001" /><testcase classname="tests.test_core_extract.TestGroundingRules" name="test_volatile_tier_omits_tool_catalog_by_default" time="0.001" /><testcase classname="tests.test_core_extract.TestGroundingRules" name="test_volatile_tier_includes_tool_catalog_when_provided" time="0.001" /><testcase classname="tests.test_core_extract.TestGroundingRules" name="test_volatile_tier_omits_idle_time_by_default" time="0.001" /><testcase classname="tests.test_core_extract.TestGroundingRules" name="test_volatile_tier_includes_idle_time_when_provided" time="0.001" /><testcase classname="tests.test_core_extract.TestInstalledSkillBlocks" name="test_add_installed_skill_block_appears_in_context_tier" time="0.002" /><testcase classname="tests.test_core_extract.TestInstalledSkillBlocks" name="test_remove_installed_skill_block_drops_it" time="0.002" /><testcase classname="tests.test_core_extract.TestInstalledSkillBlocks" name="test_remove_unknown_skill_block_is_a_no_op" time="0.001" /><testcase classname="tests.test_core_extract.TestCancelGeneration" name="test_cancel_chat_bumps_generation" time="0.001" /><testcase classname="tests.test_core_extract.TestCancelGeneration" name="test_tool_loop_breaks_on_stale_generation" time="0.001" /><testcase classname="tests.test_core_extract.TestHelmPersona" name="test_helm_persona_mentions_verify_and_raw_input" time="0.001" /><testcase classname="tests.test_core_extract.TestHelmPersona" name="test_helm_persona_mentions_window_management" time="0.001" /><testcase classname="tests.test_core_extract.TestHelmPersona" name="test_operator_persona_auto_activates_on_desktop_intent" time="0.001" /><testcase classname="tests.test_core_extract.TestHelmPersona" name="test_operator_persona_avoids_drag_idiom_false_positives" time="0.001" /><testcase classname="tests.test_core_extract.TestHelmPersona" name="test_operator_persona_still_detects_real_drag_intent" time="0.001" /><testcase classname="tests.test_core_extract.TestCapabilitiesBlock" name="test_roster_overrides_stale_claims" time="0.001" /><testcase classname="tests.test_core_extract.TestCapabilitiesBlock" name="test_stable_tier_includes_roster" time="0.001" /><testcase classname="tests.test_core_extract.TestCapabilitiesBlock" name="test_roster_omits_desktop_control_when_disabled" time="0.001" /><testcase classname="tests.test_core_extract.TestCapabilitiesBlock" name="test_stable_tier_default_second_arg_matches_old_single_arg_call" time="0.001" /><testcase classname="tests.test_core_extract.TestCapabilitiesBlock" name="test_roster_omits_desktop_control_when_unavailable" time="0.001" /><testcase classname="tests.test_core_extract.TestRebuildStableTier" name="test_rebuild_stable_tier_reflects_new_config" time="0.001" /><testcase classname="tests.test_core_extract.TestVisualContentQueryFastPath" name="test_visual_content_query_regex_matches_expected_phrases" time="0.001" /><testcase classname="tests.test_core_extract.TestVisualContentQueryFastPath" name="test_visual_content_query_regex_matches_what_do_you_see" time="0.001" /><testcase classname="tests.test_core_extract.TestVisualContentQueryFastPath" name="test_visual_content_query_regex_matches_who_is_this_phrasing" time="0.001" /><testcase classname="tests.test_core_extract.TestVisualContentQueryFastPath" name="test_visual_content_query_regex_does_not_duplicate_screen_query_re" time="0.001" /><testcase classname="tests.test_core_extract.TestVisualContentQueryFastPath" name="test_visual_content_query_regex_matches_widened_phrasing" time="0.001" /><testcase classname="tests.test_core_extract.TestVisualContentQueryFastPath" name="test_visual_content_query_regex_matches_what_is_uncontracted" time="0.001" /><testcase classname="tests.test_core_extract.TestVisualContentQueryFastPath" name="test_screen_query_regex_matches_what_is_uncontracted" time="0.001" /><testcase classname="tests.test_core_extract.TestVisualContentQueryFastPath" name="test_should_queue_visual_screenshot_true_when_fully_enabled" time="0.001" /><testcase classname="tests.test_core_extract.TestVisualContentQueryFastPath" name="test_should_queue_visual_screenshot_false_without_vision_enabled" time="0.001" /><testcase classname="tests.test_core_extract.TestVisualContentQueryFastPath" name="test_should_queue_visual_screenshot_false_without_desktop_control" time="0.001" /><testcase classname="tests.test_core_extract.TestVisualContentQueryFastPath" name="test_should_queue_visual_screenshot_false_when_phrase_does_not_match" time="0.001" /><testcase classname="tests.test_core_extract.TestVisualContentQueryFastPath" name="test_should_queue_visual_screenshot_true_for_screen_query_re_too" time="0.001" /><testcase classname="tests.test_core_extract.TestMaybeInjectVisualScreenshotCall" name="test_no_injection_when_not_queuing" time="0.001" /><testcase classname="tests.test_core_extract.TestMaybeInjectVisualScreenshotCall" name="test_injects_synthetic_call_when_queuing_and_empty" time="0.001" /><testcase classname="tests.test_core_extract.TestMaybeInjectVisualScreenshotCall" name="test_injects_alongside_existing_real_calls" time="0.001" /><testcase classname="tests.test_core_extract.TestMaybeInjectVisualScreenshotCall" name="test_no_duplicate_when_model_already_called_desktop_screenshot" time="0.001" /><testcase classname="tests.test_degradation" name="test_stream_completion_records_telemetry_failure_on_dead_endpoint" time="0.590" /><testcase classname="tests.test_degradation" name="test_dead_endpoint_error_classifies_as_retryable_with_no_traceback" time="0.001" /><testcase classname="tests.test_desktop" name="test_desktop_control_tools_frozenset" time="0.000" /><testcase classname="tests.test_desktop" name="test_system_control_is_gated" time="0.001" /><testcase classname="tests.test_desktop" name="test_desktop_tools_disabled_by_default" time="0.000" /><testcase classname="tests.test_desktop" name="test_actions_halt_toggle" time="0.000" /><testcase classname="tests.test_desktop" name="test_click_mark_unknown_id_returns_error_not_raise" time="0.001" /><testcase classname="tests.test_desktop" name="test_type_text_unknown_id_returns_error_not_raise" time="0.001" /><testcase classname="tests.test_desktop" name="test_desktop_read_screen_disabled_by_default" time="0.001" /><testcase classname="tests.test_desktop" name="test_walk_captures_named_document_control" time="0.001" /><testcase classname="tests.test_desktop" name="test_walk_stops_at_mark_budget_not_depth" time="0.002" /><testcase classname="tests.test_desktop" name="test_merge_ocr_elements_continues_mark_id_sequence" time="0.000" /><testcase classname="tests.test_desktop" name="test_is_low_confidence_mark_true_for_ocr_element" time="0.000" /><testcase classname="tests.test_desktop" name="test_is_low_confidence_mark_true_for_unresolvable_mark" time="0.000" /><testcase classname="tests.test_desktop" name="test_desktop_screenshot_disabled_by_default" time="0.000" /><testcase classname="tests.test_desktop" name="test_pending_vision_image_pops_once" time="0.001" /><testcase classname="tests.test_desktop" name="test_build_payload_uses_instance_pending_image_not_shared_global" time="0.676" /><testcase classname="tests.test_desktop" name="test_build_payload_strips_tools_when_vision_image_attached" time="0.552" /><testcase classname="tests.test_desktop" name="test_with_vision_image_rewrites_last_user_message_only" time="0.000" /><testcase classname="tests.test_desktop" name="test_with_vision_image_drops_tool_call_history_and_full_system_prompt" time="0.000" /><testcase classname="tests.test_desktop" name="test_select_followup_route_prefers_vision_when_payload_carries_image" time="0.525" /><testcase classname="tests.test_desktop" name="test_select_followup_route_uses_llm_without_image" time="0.659" /><testcase classname="tests.test_desktop" name="test_screen_query_phrase_matches" time="0.001" /><testcase classname="tests.test_desktop" name="test_desktop_com_tools_covers_perception_and_effectors" time="0.001" /><testcase classname="tests.test_desktop" name="test_uia_executor_matches_desktop_availability" time="0.001" /><testcase classname="tests.test_desktop" name="test_vision_annotate_unavailable_without_pillow" time="0.001"><skipped type="pytest.skip" message="Pillow installed in this environment">D:\C.H.A.R.L.I.E. (Completely Helpful And Rather Local Intelligent Engine)\tests\test_desktop.py:345: Pillow installed in this environment</skipped></testcase><testcase classname="tests.test_desktop" name="test_vision_annotate_handles_negative_and_swapped_bounds" time="0.027" /><testcase classname="tests.test_desktop_actions_raw" name="test_check_halt_records_action_tick" time="0.001" /><testcase classname="tests.test_desktop_actions_raw" name="test_check_halt_still_raises_when_halted" time="0.001" /><testcase classname="tests.test_desktop_actions_raw" name="test_click_at_image_coords_translated" time="0.001" /><testcase classname="tests.test_desktop_actions_raw" name="test_click_at_without_capture_errors" time="0.001" /><testcase classname="tests.test_desktop_actions_raw" name="test_click_at_right_button_and_double" time="0.001" /><testcase classname="tests.test_desktop_actions_raw" name="test_move_to_translates_coords" time="0.002" /><testcase classname="tests.test_desktop_actions_raw" name="test_drag_between_image_coords" time="0.002" /><testcase classname="tests.test_desktop_actions_raw" name="test_drag_without_capture_errors" time="0.001" /><testcase classname="tests.test_desktop_actions_raw" name="test_scroll_negative_scrolls_down" time="0.001" /><testcase classname="tests.test_desktop_actions_raw" name="test_halted_effectors_raise" time="0.001" /><testcase classname="tests.test_desktop_actions_raw" name="test_halted_move_to_raises" time="0.001" /><testcase classname="tests.test_desktop_actions_raw" name="test_halted_drag_raises" time="0.001" /><testcase classname="tests.test_desktop_actions_raw" name="test_halted_scroll_raises" time="0.001" /><testcase classname="tests.test_desktop_actions_raw" name="test_system_control_volume_up" time="0.001" /><testcase classname="tests.test_desktop_actions_raw" name="test_system_control_unknown_action_errors" time="0.002" /><testcase classname="tests.test_desktop_actions_raw" name="test_system_control_halted_raises" time="0.001" /><testcase classname="tests.test_desktop_actions_raw" name="test_invoke_mark_falls_back_to_click_for_ocr_sourced" time="0.001" /><testcase classname="tests.test_desktop_actions_raw" name="test_click_mark_uses_uia_invoke_when_supported" time="0.001" /><testcase classname="tests.test_desktop_actions_raw" name="test_click_mark_falls_back_to_pyautogui_when_invoke_unsupported" time="0.002" /><testcase classname="tests.test_desktop_actions_raw" name="test_type_text_uses_uia_set_value_when_supported" time="0.002" /><testcase classname="tests.test_desktop_actions_raw" name="test_type_text_reports_verified_when_readback_matches" time="0.001" /><testcase classname="tests.test_desktop_actions_raw" name="test_type_text_reports_mismatch_when_readback_differs" time="0.001" /><testcase classname="tests.test_desktop_actions_raw" name="test_type_text_falls_back_to_pyautogui_when_set_value_unsupported" time="0.002" /><testcase classname="tests.test_desktop_actions_raw" name="test_type_text_refuses_secure_field_before_uia_attempt" time="0.002" /><testcase classname="tests.test_desktop_actions_raw" name="test_invoke_mark_falls_back_through_click_when_invoke_unsupported" time="0.001" /><testcase classname="tests.test_desktop_coords" name="test_set_and_get_last_capture_bounds" time="0.001" /><testcase classname="tests.test_desktop_coords" name="test_image_to_screen_translates_offset" time="0.001" /><testcase classname="tests.test_desktop_coords" name="test_image_to_screen_without_capture_returns_none" time="0.001" /><testcase classname="tests.test_desktop_coords" name="test_capture_full_screen_records_bounds" time="0.029" /><testcase classname="tests.test_desktop_coords" name="test_capture_region_records_bounds_exactly" time="0.004" /><testcase classname="tests.test_desktop_coords" name="test_capture_specific_monitor_records_its_bounds" time="0.013" /><testcase classname="tests.test_desktop_coords" name="test_capture_region_ignores_monitor_arg" time="0.003" /><testcase classname="tests.test_desktop_coords" name="test_control_from_hwnd_returns_none_without_uia" time="0.001" /><testcase classname="tests.test_desktop_coords" name="test_control_from_hwnd_calls_uia_controlfromhandle" time="0.001" /><testcase classname="tests.test_desktop_coords" name="test_control_from_hwnd_swallows_exception" time="0.004" /><testcase classname="tests.test_desktop_grounding" name="test_parse_elements_converts_normalized_bbox_to_pixels" time="0.001" /><testcase classname="tests.test_desktop_grounding" name="test_parse_elements_ignores_malformed_boxes" time="0.001" /><testcase classname="tests.test_desktop_grounding" name="test_parse_elements_handles_prose_wrapped_json" time="0.001" /><testcase classname="tests.test_desktop_grounding" name="test_parse_elements_returns_empty_on_invalid_json" time="0.001" /><testcase classname="tests.test_desktop_grounding" name="test_parse_elements_normalizes_swapped_coords" time="0.001" /><testcase classname="tests.test_desktop_grounding" name="test_parse_elements_clamps_out_of_range_coords" time="0.000" /><testcase classname="tests.test_desktop_grounding" name="test_detect_returns_empty_when_vision_disabled" time="0.001" /><testcase classname="tests.test_desktop_grounding" name="test_detect_returns_empty_when_no_vision_url" time="0.001" /><testcase classname="tests.test_desktop_grounding" name="test_detect_calls_vision_endpoint_and_parses_response" time="0.001" /><testcase classname="tests.test_desktop_grounding" name="test_detect_returns_empty_on_request_failure" time="0.002" /><testcase classname="tests.test_desktop_grounding" name="test_grounding_marks_skips_call_when_elements_plentiful" time="0.001" /><testcase classname="tests.test_desktop_grounding" name="test_grounding_marks_skips_call_when_vision_disabled" time="0.001" /><testcase classname="tests.test_desktop_panic_latch.TestDetectDesktopResume" name="test_continue_matches" time="0.001" /><testcase classname="tests.test_desktop_panic_latch.TestDetectDesktopResume" name="test_resume_matches" time="0.001" /><testcase classname="tests.test_desktop_panic_latch.TestDetectDesktopResume" name="test_keep_going_matches" time="0.001" /><testcase classname="tests.test_desktop_panic_latch.TestDetectDesktopResume" name="test_unrelated_text_does_not_match" time="0.001" /><testcase classname="tests.test_desktop_panic_latch.TestDetectDesktopResume" name="test_continue_mid_sentence_does_not_match" time="0.001" /><testcase classname="tests.test_desktop_panic_latch" name="test_chat_stream_does_not_auto_clear_desktop_halt" time="0.014" /><testcase classname="tests.test_desktop_session" name="test_mutex_exclusive" time="0.001" /><testcase classname="tests.test_desktop_session" name="test_release_wrong_owner_is_noop" time="0.000" /><testcase classname="tests.test_desktop_session" name="test_acquire_same_owner_twice_is_idempotent" time="0.001" /><testcase classname="tests.test_desktop_session" name="test_current_owner_reflects_state" time="0.001" /><testcase classname="tests.test_desktop_session" name="test_user_idle_seconds" time="0.001" /><testcase classname="tests.test_desktop_session" name="test_tick_functions_return_int" time="0.001" /><testcase classname="tests.test_desktop_session" name="test_gettickcount_restype_is_unsigned" time="0.000" /><testcase classname="tests.test_desktop_session" name="test_large_dword_value_is_positive_unsigned_but_negative_signed" time="0.000" /><testcase classname="tests.test_desktop_session" name="test_user_idle_seconds_past_signed_wraparound_point" time="0.001" /><testcase classname="tests.test_desktop_session" name="test_external_input_since_false_for_automations_own_action" time="0.001" /><testcase classname="tests.test_desktop_session" name="test_external_input_since_true_for_real_input_after_action" time="0.001" /><testcase classname="tests.test_desktop_windows" name="test_list_windows_returns_visible_titled_only" time="0.001" /><testcase classname="tests.test_desktop_windows" name="test_find_window_matches_substring_case_insensitive" time="0.001" /><testcase classname="tests.test_desktop_windows" name="test_manage_window_minimize_calls_showwindow" time="0.001" /><testcase classname="tests.test_desktop_windows" name="test_manage_window_minimize_reports_unconfirmed_when_state_check_fails" time="0.001" /><testcase classname="tests.test_desktop_windows" name="test_manage_window_close_posts_wm_close" time="0.002" /><testcase classname="tests.test_desktop_windows" name="test_manage_window_unknown_action_errors" time="0.001" /><testcase classname="tests.test_desktop_windows" name="test_manage_window_no_match_errors" time="0.001" /><testcase classname="tests.test_desktop_windows" name="test_move_resize_window_calls_movewindow" time="0.001" /><testcase classname="tests.test_desktop_windows" name="test_focus_window_no_match_errors" time="0.000" /><testcase classname="tests.test_desktop_windows" name="test_focus_window_verified_when_foreground_hwnd_matches" time="0.001" /><testcase classname="tests.test_desktop_windows" name="test_focus_window_success_does_not_use_alt_fallback" time="0.001" /><testcase classname="tests.test_desktop_windows" name="test_focus_window_fallback_fires_when_setforeground_fails" time="0.002" /><testcase classname="tests.test_desktop_windows" name="test_focus_window_fallback_degrades_gracefully_without_pyautogui" time="0.003" /><testcase classname="tests.test_desktop_windows" name="test_get_foreground_window_returns_app_identity" time="0.001" /><testcase classname="tests.test_desktop_windows" name="test_get_foreground_window_returns_none_off_windows" time="0.000" /><testcase classname="tests.test_desktop_windows" name="test_get_foreground_window_returns_none_hwnd" time="0.001" /><testcase classname="tests.test_desktop_windows" name="test_get_foreground_window_survives_psutil_failure" time="0.001" /><testcase classname="tests.test_developer_diagnostics_api" name="test_developer_diagnostics_endpoints" time="0.002" /><testcase classname="tests.test_developer_diagnostics_api" name="test_developer_logs_endpoint" time="0.013" /><testcase classname="tests.test_doctor" name="test_doctor_healthy_report" time="0.003" /><testcase classname="tests.test_doctor" name="test_doctor_detects_unconfigured_api_key" time="0.003" /><testcase classname="tests.test_doctor" name="test_doctor_detects_orphan_capability_lease" time="0.005" /><testcase classname="tests.test_doctor" name="test_doctor_consequential_repair_requires_approval" time="0.001" /><testcase classname="tests.test_doctor" name="test_doctor_repair_circuit_breaker_and_bounded_retries" time="0.001" /><testcase classname="tests.test_doctor" name="test_doctor_report_serialization_and_cli" time="0.002" /><testcase classname="tests.test_e2e_utterance.TestFastPathsBypassLlm" name="test_time_date_query_never_calls_llm" time="0.669" /><testcase classname="tests.test_e2e_utterance.TestFastPathsBypassLlm" name="test_open_known_app_never_calls_llm" time="0.632" /><testcase classname="tests.test_e2e_utterance.TestFastPathsBypassLlm" name="test_close_known_app_never_calls_llm" time="0.609" /><testcase classname="tests.test_e2e_utterance.TestSecurityGatesFireForRealUtterances" name="test_file_read_env_gates_instead_of_silently_succeeding" time="0.716" /><testcase classname="tests.test_e2e_utterance.TestSecurityGatesFireForRealUtterances" name="test_shell_execute_rm_rf_gates_instead_of_running" time="0.753" /><testcase classname="tests.test_e2e_utterance.TestNormalRoundTrips" name="test_plain_text_reply_no_tools" time="0.646" /><testcase classname="tests.test_e2e_utterance.TestNormalRoundTrips" name="test_tool_call_round_trip_produces_final_answer" time="2.588" /><testcase classname="tests.test_e2e_utterance.TestNormalRoundTrips" name="test_explicit_structured_research_publishes_final_followup_once[web_research]" time="0.941" /><testcase classname="tests.test_e2e_utterance.TestNormalRoundTrips" name="test_explicit_structured_research_publishes_final_followup_once[web_search]" time="0.883" /><testcase classname="tests.test_e2e_utterance.TestNormalRoundTrips" name="test_failed_research_followup_does_not_publish_error_as_synthesis" time="0.596" /><testcase classname="tests.test_e2e_utterance.TestNormalRoundTrips" name="test_automatic_pre_search_publishes_one_report_after_final_answer" time="0.917" /><testcase classname="tests.test_e2e_utterance.TestNormalRoundTrips" name="test_desktop_click_sequence_round_trip" time="0.917" /><testcase classname="tests.test_e2e_utterance.TestNormalRoundTrips" name="test_vector_memory_recall_round_trip" time="0.850" /><testcase classname="tests.test_e2e_utterance.TestRouterClassifierFallback" name="test_unmatched_phrasing_resolves_via_classifier" time="0.633" /><testcase classname="tests.test_errors" name="test_connect_error_is_retryable_with_blueprint_wording" time="0.001" /><testcase classname="tests.test_errors" name="test_connect_timeout_is_retryable" time="0.001" /><testcase classname="tests.test_errors" name="test_read_timeout_is_retryable" time="0.001" /><testcase classname="tests.test_errors" name="test_permission_error_is_permission_required" time="0.001" /><testcase classname="tests.test_errors" name="test_file_not_found_is_user_action_required" time="0.001" /><testcase classname="tests.test_errors" name="test_5xx_http_status_error_is_dependency_failure" time="0.001" /><testcase classname="tests.test_errors" name="test_401_http_status_error_is_permission_required" time="0.001" /><testcase classname="tests.test_errors" name="test_404_http_status_error_is_user_action_required" time="0.001" /><testcase classname="tests.test_errors" name="test_unknown_exception_defaults_to_recoverable" time="0.001" /><testcase classname="tests.test_errors" name="test_no_message_ever_contains_a_traceback_marker" time="0.001" /><testcase classname="tests.test_event_contract" name="test_build_event_creates_versioned_envelope_with_metadata_and_unique_id" time="0.001" /><testcase classname="tests.test_event_contract" name="test_registry_exposes_category_and_replay_policy" time="0.001" /><testcase classname="tests.test_event_contract" name="test_python_event_vocabulary_matches_shared_contract_registry" time="0.001" /><testcase classname="tests.test_event_contract" name="test_legacy_event_adapts_without_breaking_old_emitters" time="0.001" /><testcase classname="tests.test_event_contract" name="test_replay_event_preserves_identity_but_marks_event_as_replay" time="0.000" /><testcase classname="tests.test_event_contract" name="test_presentation_command_contract_allows_only_clear_screen_and_is_not_replayable" time="0.001" /><testcase classname="tests.test_event_contract" name="test_invalid_or_unknown_events_fail_validation[None]" time="0.001" /><testcase classname="tests.test_event_contract" name="test_invalid_or_unknown_events_fail_validation[event1]" time="0.001" /><testcase classname="tests.test_event_contract" name="test_invalid_or_unknown_events_fail_validation[event2]" time="0.001" /><testcase classname="tests.test_event_contract" name="test_invalid_or_unknown_events_fail_validation[event3]" time="0.001" /><testcase classname="tests.test_event_contract" name="test_initial_state_events_are_formal_replays" time="0.001" /><testcase classname="tests.test_event_envelopes" name="test_session_scoped_events_carry_session_id" time="0.104" /><testcase classname="tests.test_event_envelopes" name="test_tool_callbacks_emit_populated_event_meta" time="0.039" /><testcase classname="tests.test_event_envelopes" name="test_transcript_emit_gated_to_voice_platform" time="0.017" /><testcase classname="tests.test_event_envelopes" name="test_background_learn_skips_screen_content_queries" time="0.017" /><testcase classname="tests.test_event_envelopes" name="test_on_speech_dedupes_identical_text_within_window" time="0.017" /><testcase classname="tests.test_extension_api" name="test_api_extension_request_spontaneous_blocked" time="0.138" /><testcase classname="tests.test_extension_api" name="test_api_extension_request_config_applied" time="0.150" /><testcase classname="tests.test_extension_api" name="test_api_extension_transactions_list" time="0.142" /><testcase classname="tests.test_extension_checkpoint_rollback" name="test_checkpoint_captures_preimages_for_affected_files_only" time="0.006" /><testcase classname="tests.test_extension_checkpoint_rollback" name="test_scoped_rollback_restores_modified_and_removes_new_files" time="0.011" /><testcase classname="tests.test_extension_checkpoint_rollback" name="test_checkpoint_rejects_path_traversal_escapes" time="0.005" /><testcase classname="tests.test_extension_classifier_guard" name="test_classify_config_request" time="0.001" /><testcase classname="tests.test_extension_classifier_guard" name="test_classify_skill_request" time="0.001" /><testcase classname="tests.test_extension_classifier_guard" name="test_classify_mcp_tool_request" time="0.002" /><testcase classname="tests.test_extension_classifier_guard" name="test_classify_code_small_request" time="0.001" /><testcase classname="tests.test_extension_classifier_guard" name="test_classify_architecture_large_request" time="0.001" /><testcase classname="tests.test_extension_classifier_guard" name="test_classify_already_existing_capability" time="0.001" /><testcase classname="tests.test_extension_classifier_guard" name="test_guard_allows_explicit_user_request" time="0.001" /><testcase classname="tests.test_extension_classifier_guard" name="test_guard_blocks_spontaneous_self_mutation" time="0.001" /><testcase classname="tests.test_extension_classifier_guard" name="test_guard_gates_scope_expansion_and_large_architecture" time="0.001" /><testcase classname="tests.test_extension_code" name="test_code_adapter_validates_and_registers_tool" time="0.349" /><testcase classname="tests.test_extension_code" name="test_code_adapter_rejects_invalid_syntax_and_unsafe_ast" time="0.003" /><testcase classname="tests.test_extension_code" name="test_code_adapter_rolls_back_on_test_failure" time="0.262" /><testcase classname="tests.test_extension_config_mcp" name="test_config_adapter_apply_and_rollback" time="0.016" /><testcase classname="tests.test_extension_config_mcp" name="test_mcp_adapter_register_and_rollback" time="0.002" /><testcase classname="tests.test_extension_registry_skills" name="test_registry_persistence_across_reloads" time="0.014" /><testcase classname="tests.test_extension_registry_skills" name="test_registry_never_persists_raw_secrets" time="0.011" /><testcase classname="tests.test_extension_registry_skills" name="test_skill_lifecycle_create_update_disable_remove" time="0.011" /><testcase classname="tests.test_extension_staging" name="test_stages_into_extension_manager_and_broadcasts_pending_id" time="0.002" /><testcase classname="tests.test_extension_staging" name="test_missing_name_or_raw_text_is_a_no_op" time="0.001" /><testcase classname="tests.test_extensions.TestBuildSkillCard" name="test_hash_is_deterministic" time="0.001" /><testcase classname="tests.test_extensions.TestBuildSkillCard" name="test_hash_changes_with_content" time="0.000" /><testcase classname="tests.test_extensions.TestBuildSkillCard" name="test_benign_text_has_no_warnings" time="0.000" /><testcase classname="tests.test_extensions.TestScanWarnings" name="test_catches_injection_phrasing" time="0.000" /><testcase classname="tests.test_extensions.TestScanWarnings" name="test_catches_suspicious_endpoint" time="0.000" /><testcase classname="tests.test_extensions.TestScanWarnings" name="test_catches_raw_ip_endpoint" time="0.000" /><testcase classname="tests.test_extensions.TestSkillCardDescribe" name="test_describe_includes_core_fields" time="0.000" /><testcase classname="tests.test_extensions.TestSkillCardDescribe" name="test_describe_includes_warnings_when_present" time="0.000" /><testcase classname="tests.test_extensions" name="test_request_extension_install_routes_through_approval_and_approves" time="0.001" /><testcase classname="tests.test_extensions" name="test_request_extension_install_returns_decline" time="0.001" /><testcase classname="tests.test_extensions.TestExtensionManager" name="test_propose_returns_pending_id_and_stashes_card" time="0.001" /><testcase classname="tests.test_extensions.TestExtensionManager" name="test_pop_pending_consumes_it" time="0.001" /><testcase classname="tests.test_extensions.TestExtensionManager" name="test_pop_pending_unknown_id_returns_none" time="0.001" /><testcase classname="tests.test_extensions.TestExtensionManager" name="test_record_and_list" time="0.001" /><testcase classname="tests.test_extensions.TestExtensionManager" name="test_get_missing_returns_none" time="0.000" /><testcase classname="tests.test_extensions.TestExtensionManager" name="test_remove_drops_it" time="0.000" /><testcase classname="tests.test_extensions.TestExtensionManager" name="test_remove_missing_returns_none" time="0.000" /><testcase classname="tests.test_extensions.TestExtensionManager" name="test_two_proposals_get_distinct_pending_ids" time="0.000" /><testcase classname="tests.test_extensions_generated.TestParseGeneratedTool" name="test_parses_name_description_schema" time="0.001" /><testcase classname="tests.test_extensions_generated.TestParseGeneratedTool" name="test_func_is_callable" time="0.001" /><testcase classname="tests.test_extensions_generated.TestParseGeneratedTool" name="test_rejects_name_mismatch" time="0.001" /><testcase classname="tests.test_extensions_generated.TestParseGeneratedTool" name="test_rejects_missing_docstring" time="0.001" /><testcase classname="tests.test_extensions_generated.TestParseGeneratedTool" name="test_rejects_multiple_top_level_statements" time="0.001" /><testcase classname="tests.test_extensions_generated.TestParseGeneratedTool" name="test_rejects_syntax_error" time="0.001" /><testcase classname="tests.test_extensions_generated.TestRegisterGeneratedTool" name="test_registers_into_registry_and_is_callable" time="0.001" /><testcase classname="tests.test_extensions_generated.TestInstallDotPyGeneratedKind" name="test_declared_tools_for_generated" time="0.001" /><testcase classname="tests.test_extensions_generated.TestInstallDotPyGeneratedKind" name="test_install_extension_generated" time="0.001" /><testcase classname="tests.test_extensions_generated.TestInstallDotPyGeneratedKind" name="test_unknown_kind_still_rejected" time="0.001" /><testcase classname="tests.test_extensions_install" name="test_run_skill_script_executes_and_returns_output" time="0.057" /><testcase classname="tests.test_extensions_install" name="test_run_skill_script_blocks_hard_blocked_keyword" time="0.000" /><testcase classname="tests.test_extensions_install" name="test_run_skill_script_gates_risky_keyword" time="0.000" /><testcase classname="tests.test_extensions_install" name="test_run_skill_script_reports_nonzero_exit" time="0.057" /><testcase classname="tests.test_extensions_openapi.TestParseOpenAPISpec" name="test_parses_title_and_base_url" time="0.004" /><testcase classname="tests.test_extensions_openapi.TestParseOpenAPISpec" name="test_parses_operations" time="0.003" /><testcase classname="tests.test_extensions_openapi.TestParseOpenAPISpec" name="test_get_operation_has_path_parameter" time="0.003" /><testcase classname="tests.test_extensions_openapi.TestParseOpenAPISpec" name="test_post_operation_has_request_body_schema" time="0.003" /><testcase classname="tests.test_extensions_openapi.TestParseOpenAPISpec" name="test_explicit_base_url_overrides_servers" time="0.004" /><testcase classname="tests.test_extensions_openapi.TestParseOpenAPISpec" name="test_missing_paths_raises" time="0.001" /><testcase classname="tests.test_extensions_openapi.TestParseOpenAPISpec" name="test_yaml_input_also_parses" time="0.001" /><testcase classname="tests.test_extensions_openapi.TestRegisterOpenAPIOperations" name="test_registers_one_tool_per_operation" time="0.002" /><testcase classname="tests.test_extensions_openapi.TestRegisterOpenAPIOperations" name="test_path_parameter_substituted_into_url" time="0.003" /><testcase classname="tests.test_extensions_openapi.TestRegisterOpenAPIOperations" name="test_body_parameter_sent_as_json" time="0.004" /><testcase classname="tests.test_extensions_openapi.TestRegisterOpenAPIOperations" name="test_http_error_returns_error_string_not_raise" time="0.003" /><testcase classname="tests.test_extensions_skills.TestParseSkillMd" name="test_parses_frontmatter_fields" time="0.001" /><testcase classname="tests.test_extensions_skills.TestParseSkillMd" name="test_parses_instructions_body" time="0.001" /><testcase classname="tests.test_extensions_skills.TestParseSkillMd" name="test_missing_frontmatter_raises" time="0.001" /><testcase classname="tests.test_extensions_skills.TestParseSkillMd" name="test_missing_name_raises" time="0.001" /><testcase classname="tests.test_extensions_skills.TestParseSkillMd" name="test_defaults_when_optional_fields_absent" time="0.001" /><testcase classname="tests.test_extensions_skills.TestFormatSkillBlock" name="test_includes_name_and_instructions" time="0.001" /><testcase classname="tests.test_extensions_skills.TestRegisterSkillScripts" name="test_registers_one_tool_per_script" time="0.001" /><testcase classname="tests.test_extensions_skills.TestRegisterSkillScripts" name="test_invoking_registered_tool_calls_runner_with_path_and_args" time="0.001" /><testcase classname="tests.test_extensions_skills.TestRegisterSkillScripts" name="test_no_scripts_registers_nothing" time="0.001" /><testcase classname="tests.test_fastpaths.TestSystemTelemetryMatching" name="test_cpu_queries" time="0.001" /><testcase classname="tests.test_fastpaths.TestSystemTelemetryMatching" name="test_ram_queries" time="0.001" /><testcase classname="tests.test_fastpaths.TestSystemTelemetryMatching" name="test_disk_queries" time="0.001" /><testcase classname="tests.test_fastpaths.TestSystemTelemetryMatching" name="test_battery_queries" time="0.001" /><testcase classname="tests.test_fastpaths.TestSystemTelemetryMatching" name="test_processes_queries" time="0.001" /><testcase classname="tests.test_fastpaths.TestMediaVolumeMatching" name="test_set_volume_percent" time="0.001" /><testcase classname="tests.test_fastpaths.TestMediaVolumeMatching" name="test_mute_unmute" time="0.001" /><testcase classname="tests.test_fastpaths.TestMediaVolumeMatching" name="test_volume_up_down" time="0.001" /><testcase classname="tests.test_fastpaths.TestMediaVolumeMatching" name="test_playback_controls" time="0.001" /><testcase classname="tests.test_fastpaths.TestWindowsSettingsMatching" name="test_settings_uris" time="0.001" /><testcase classname="tests.test_fastpaths.TestAppFocusAndFilesystem" name="test_focus_app" time="0.001" /><testcase classname="tests.test_fastpaths.TestAppFocusAndFilesystem" name="test_filesystem_folder" time="0.001" /><testcase classname="tests.test_fastpaths.TestDirectBrowserUrl" name="test_direct_url" time="0.001" /><testcase classname="tests.test_fastpaths.TestMasterFastPathDispatcher" name="test_master_match_and_fallback" time="0.001" /><testcase classname="tests.test_fastpaths.TestFastPathPolicyIntegration" name="test_fast_path_policy_enforcement_allow" time="0.589" /><testcase classname="tests.test_fastpaths.TestFastPathPolicyIntegration" name="test_fast_path_policy_enforcement_declined" time="0.613" /><testcase classname="tests.test_fastpaths.TestFastPathPolicyIntegration" name="test_fast_path_policy_enforcement_blocked" time="0.569" /><testcase classname="tests.test_geo_service" name="test_geocoding_real_query" time="1.866" /><testcase classname="tests.test_geo_service" name="test_geocoding_fallback_semantics" time="4.740" /><testcase classname="tests.test_geo_service" name="test_geocoding_valid_empty_result_does_not_trigger_offline_fallback" time="0.400" /><testcase classname="tests.test_geo_service" name="test_osrm_failure_never_creates_fake_driving_route" time="0.836" /><testcase classname="tests.test_geo_service" name="test_explicit_geodesic_measurement" time="0.001" /><testcase classname="tests.test_geo_service" name="test_routing_delhi_to_jaipur" time="1.174" /><testcase classname="tests.test_geo_service" name="test_usgs_earthquakes_layer" time="1.077" /><testcase classname="tests.test_geo_service" name="test_cyber_ip_enricher_abstraction" time="0.002" /><testcase classname="tests.test_geo_service" name="test_cyber_provider_honest_unconfigured_status" time="2.369" /><testcase classname="tests.test_geo_service" name="test_pmtiles_v3_header_inspection_and_security" time="0.005" /><testcase classname="tests.test_geo_service" name="test_pmtiles_http_range_endpoint" time="0.023" /><testcase classname="tests.test_geo_service" name="test_unconfigured_layer_quiet_state" time="0.002" /><testcase classname="tests.test_health_metrics_api" name="test_health_with_no_recorded_calls" time="0.002" /><testcase classname="tests.test_health_metrics_api" name="test_health_reflects_recorded_llm_success" time="0.002" /><testcase classname="tests.test_health_metrics_api" name="test_health_reflects_llm_error_rate" time="0.003" /><testcase classname="tests.test_health_metrics_api" name="test_metrics_breaks_down_by_tool" time="0.002" /><testcase classname="tests.test_integration.TestTextStreamFilterIntegration" name="test_think_block_across_chunks" time="0.001" /><testcase classname="tests.test_integration.TestTextStreamFilterIntegration" name="test_tool_line_across_chunks" time="0.001" /><testcase classname="tests.test_integration.TestTextStreamFilterIntegration" name="test_interleaved_think_and_tool" time="0.001" /><testcase classname="tests.test_integration.TestTextStreamFilterIntegration" name="test_multiple_tool_lines" time="0.001" /><testcase classname="tests.test_integration.TestTextStreamFilterIntegration" name="test_partial_tag_flush" time="0.001" /><testcase classname="tests.test_integration.TestTextStreamFilterIntegration" name="test_think_not_leaked" time="0.001" /><testcase classname="tests.test_integration.TestConfigBrainIntegration" name="test_brain_uses_config_soul" time="0.633" /><testcase classname="tests.test_integration.TestConfigBrainIntegration" name="test_brain_budget_max_turns" time="0.679" /><testcase classname="tests.test_integration.TestConfigBrainIntegration" name="test_brain_local_model_uses_text_tools" time="0.618" /><testcase classname="tests.test_integration.TestSessionStoreConcurrency" name="test_concurrent_appends" time="0.276" /><testcase classname="tests.test_integration.TestSessionStoreConcurrency" name="test_concurrent_read_write" time="0.159" /><testcase classname="tests.test_integration.TestMemoryRoundTrip" name="test_memory_write_and_capacity" time="0.001" /><testcase classname="tests.test_integration.TestMemoryRoundTrip" name="test_memory_entry_replace" time="0.001" /><testcase classname="tests.test_integration.TestMemoryRoundTrip" name="test_memory_max_chars_enforcement" time="0.001" /><testcase classname="tests.test_intelligent_assistant.TestCorrectionDetection" name="test_no_meaning" time="0.001" /><testcase classname="tests.test_intelligent_assistant.TestCorrectionDetection" name="test_no_comma" time="0.001" /><testcase classname="tests.test_intelligent_assistant.TestCorrectionDetection" name="test_thats_wrong" time="0.001" /><testcase classname="tests.test_intelligent_assistant.TestCorrectionDetection" name="test_thats_not_right" time="0.001" /><testcase classname="tests.test_intelligent_assistant.TestCorrectionDetection" name="test_actually_prefix" time="0.001" /><testcase classname="tests.test_intelligent_assistant.TestCorrectionDetection" name="test_not_quite" time="0.001" /><testcase classname="tests.test_intelligent_assistant.TestCorrectionDetection" name="test_i_said" time="0.001" /><testcase classname="tests.test_intelligent_assistant.TestCorrectionDetection" name="test_i_meant" time="0.001" /><testcase classname="tests.test_intelligent_assistant.TestCorrectionDetection" name="test_no_correction" time="0.001" /><testcase classname="tests.test_intelligent_assistant.TestCorrectionDetection" name="test_normal_question" time="0.001" /><testcase classname="tests.test_intelligent_assistant.TestCorrectionDetection" name="test_positive_feedback" time="0.001" /><testcase classname="tests.test_intelligent_assistant.TestApplyCorrectionToMemory" name="test_writes_correction" time="0.003" /><testcase classname="tests.test_intelligent_assistant.TestApplyCorrectionToMemory" name="test_deduplicates" time="0.003" /><testcase classname="tests.test_intelligent_assistant.TestApplyCorrectionToMemory" name="test_non_correction_returns_none" time="0.002" /><testcase classname="tests.test_intelligent_assistant.TestApplyCorrectionToMemory" name="test_writes_structural_rule_when_world_model_given" time="0.003" /><testcase classname="tests.test_intelligent_assistant.TestApplyCorrectionToMemory" name="test_no_rule_written_without_world_model" time="0.002" /><testcase classname="tests.test_intelligent_assistant.TestCorrectionFastPath" name="test_followup_no_comma" time="0.001" /><testcase classname="tests.test_intelligent_assistant.TestCorrectionFastPath" name="test_followup_thats_wrong" time="0.001" /><testcase classname="tests.test_intelligent_assistant.TestCorrectionFastPath" name="test_followup_actually" time="0.017" /><testcase classname="tests.test_intelligent_assistant.TestCorrectionFastPath" name="test_followup_i_meant" time="0.001" /><testcase classname="tests.test_intelligent_assistant.TestCorrectionFastPath" name="test_followup_too_long_rejected" time="0.001" /><testcase classname="tests.test_intelligent_assistant.TestCorrectionFastPath" name="test_vocative_stripped" time="0.001" /><testcase classname="tests.test_intelligent_assistant.TestCorrectionFastPath" name="test_vocative_stripped_with_hey" time="0.001" /><testcase classname="tests.test_intelligent_assistant.TestCorrectionFastPath" name="test_strip_vocatives" time="0.001" /><testcase classname="tests.test_intelligent_assistant.TestCorrectionFastPath" name="test_strip_vocatives_none" time="0.001" /><testcase classname="tests.test_intelligent_assistant.TestCorrectionFastPath" name="test_followup_what_was_that" time="0.001" /><testcase classname="tests.test_intelligent_assistant.TestConfidenceGate" name="test_short_result_rejected" time="0.001" /><testcase classname="tests.test_intelligent_assistant.TestConfidenceGate" name="test_empty_result_rejected" time="0.001" /><testcase classname="tests.test_intelligent_assistant.TestConfidenceGate" name="test_error_prefix_rejected" time="0.001" /><testcase classname="tests.test_intelligent_assistant.TestConfidenceGate" name="test_html_result_rejected" time="0.001" /><testcase classname="tests.test_intelligent_assistant.TestConfidenceGate" name="test_no_results_rejected" time="0.001" /><testcase classname="tests.test_intelligent_assistant.TestConfidenceGate" name="test_good_result_accepted" time="0.001" /><testcase classname="tests.test_intelligent_assistant.TestConfidenceGate" name="test_tool_error_result_rejected" time="0.001" /><testcase classname="tests.test_intelligent_assistant.TestMemoryRecall" name="test_followup_skips_memory_search" time="0.001" /><testcase classname="tests.test_intelligent_assistant.TestMemoryRecall" name="test_non_followup_allows_search" time="0.001" /><testcase classname="tests.test_intelligent_assistant.TestVerbosityDetection" name="test_too_long" time="0.001" /><testcase classname="tests.test_intelligent_assistant.TestVerbosityDetection" name="test_shorter" time="0.001" /><testcase classname="tests.test_intelligent_assistant.TestVerbosityDetection" name="test_be_brief" time="0.001" /><testcase classname="tests.test_intelligent_assistant.TestVerbosityDetection" name="test_more_detail" time="0.001" /><testcase classname="tests.test_intelligent_assistant.TestVerbosityDetection" name="test_elaborate" time="0.001" /><testcase classname="tests.test_intelligent_assistant.TestVerbosityDetection" name="test_tell_me_more" time="0.001" /><testcase classname="tests.test_intelligent_assistant.TestVerbosityDetection" name="test_no_feedback" time="0.001" /><testcase classname="tests.test_intelligent_assistant.TestVolatilityTierVerbosity" name="test_no_verbosity" time="0.001" /><testcase classname="tests.test_intelligent_assistant.TestVolatilityTierVerbosity" name="test_with_short_verbosity" time="0.001" /><testcase classname="tests.test_intelligent_assistant.TestVolatilityTierVerbosity" name="test_with_long_verbosity" time="0.001" /><testcase classname="tests.test_intelligent_assistant.TestGoalDetection" name="test_set_goal_basic" time="0.001" /><testcase classname="tests.test_intelligent_assistant.TestGoalDetection" name="test_set_goal_with_charlie" time="0.001" /><testcase classname="tests.test_intelligent_assistant.TestGoalDetection" name="test_set_goal_with_hey" time="0.001" /><testcase classname="tests.test_intelligent_assistant.TestGoalDetection" name="test_set_goal_no_match" time="0.001" /><testcase classname="tests.test_intelligent_assistant.TestGoalDetection" name="test_set_goal_strips_period" time="0.001" /><testcase classname="tests.test_intelligent_assistant.TestVolatilityTierGoal" name="test_no_goal" time="0.001" /><testcase classname="tests.test_intelligent_assistant.TestVolatilityTierGoal" name="test_with_goal" time="0.001" /><testcase classname="tests.test_intelligent_assistant.TestStandingInstructionDetection" name="test_always_prefix" time="0.001" /><testcase classname="tests.test_intelligent_assistant.TestStandingInstructionDetection" name="test_from_now_on" time="0.001" /><testcase classname="tests.test_intelligent_assistant.TestStandingInstructionDetection" name="test_in_the_future" time="0.001" /><testcase classname="tests.test_intelligent_assistant.TestStandingInstructionDetection" name="test_whenever_i" time="0.001" /><testcase classname="tests.test_intelligent_assistant.TestStandingInstructionDetection" name="test_strips_vocative_prefix" time="0.001" /><testcase classname="tests.test_intelligent_assistant.TestStandingInstructionDetection" name="test_strips_trailing_period" time="0.001" /><testcase classname="tests.test_intelligent_assistant.TestStandingInstructionDetection" name="test_no_match" time="0.001" /><testcase classname="tests.test_intelligent_assistant.TestStandingInstructionDetection" name="test_opinion_teaching_not_captured" time="0.001" /><testcase classname="tests.test_intelligent_assistant.TestReviewRulesDetection" name="test_what_have_you_learned" time="0.001" /><testcase classname="tests.test_intelligent_assistant.TestReviewRulesDetection" name="test_what_do_you_know" time="0.001" /><testcase classname="tests.test_intelligent_assistant.TestReviewRulesDetection" name="test_list_rules" time="0.001" /><testcase classname="tests.test_intelligent_assistant.TestReviewRulesDetection" name="test_no_match" time="0.001" /><testcase classname="tests.test_intelligent_assistant.TestForgetRuleDetection" name="test_forget_that" time="0.001" /><testcase classname="tests.test_intelligent_assistant.TestForgetRuleDetection" name="test_forget_what_you_learned_about" time="0.001" /><testcase classname="tests.test_intelligent_assistant.TestForgetRuleDetection" name="test_forget_the_rule_about" time="0.001" /><testcase classname="tests.test_intelligent_assistant.TestForgetRuleDetection" name="test_strips_trailing_period" time="0.001" /><testcase classname="tests.test_intelligent_assistant.TestForgetRuleDetection" name="test_no_match" time="0.001" /><testcase classname="tests.test_intelligent_assistant.TestOperatorPersonaDetection" name="test_helm_with_comma" time="0.001" /><testcase classname="tests.test_intelligent_assistant.TestOperatorPersonaDetection" name="test_helm_lowercase_no_punctuation" time="0.001" /><testcase classname="tests.test_intelligent_assistant.TestOperatorPersonaDetection" name="test_helm_not_at_start" time="0.001" /><testcase classname="tests.test_intelligent_assistant.TestOperatorPersonaDetection" name="test_no_match" time="0.001" /><testcase classname="tests.test_intelligent_assistant.TestVolatileTierOperatorPersona" name="test_no_persona" time="0.001" /><testcase classname="tests.test_intelligent_assistant.TestVolatileTierOperatorPersona" name="test_with_persona" time="0.001" /><testcase classname="tests.test_ipc_state_listener" name="test_emit_without_listener_sends_only_original" time="0.007" /><testcase classname="tests.test_ipc_state_listener" name="test_listener_returning_none_sends_only_original" time="0.005" /><testcase classname="tests.test_ipc_state_listener" name="test_listener_derived_envelope_also_published" time="0.007" /><testcase classname="tests.test_ipc_state_listener" name="test_listener_receives_the_published_envelope" time="0.006" /><testcase classname="tests.test_known_apps" name="test_known_app_names_is_superset_of_registry" time="0.000" /><testcase classname="tests.test_known_apps" name="test_website_entries_have_no_close_process" time="0.000" /><testcase classname="tests.test_known_apps" name="test_local_app_entries_have_close_process" time="0.000" /><testcase classname="tests.test_known_apps" name="test_core_derives_open_and_close_maps_from_registry" time="0.001" /><testcase classname="tests.test_mcp_client.TestMCPTool" name="test_create_tool" time="0.000" /><testcase classname="tests.test_mcp_client.TestMCPTool" name="test_default_schema" time="0.001" /><testcase classname="tests.test_mcp_client.TestMCPServerConfig" name="test_config_defaults" time="0.001" /><testcase classname="tests.test_mcp_client.TestMCPServerConfig" name="test_config_custom" time="0.001" /><testcase classname="tests.test_mcp_client.TestMCPClient" name="test_add_server" time="0.001" /><testcase classname="tests.test_mcp_client.TestMCPClient" name="test_add_duplicate_server" time="0.001" /><testcase classname="tests.test_mcp_client.TestMCPClient" name="test_list_tools_empty" time="0.000" /><testcase classname="tests.test_mcp_client.TestMCPClient" name="test_get_tools_for_prompt_empty" time="0.000" /><testcase classname="tests.test_mcp_client.TestMCPClient" name="test_call_tool_no_server" time="0.001" /><testcase classname="tests.test_mcp_client.TestMCPClient" name="test_get_call_log_empty" time="0.000" /><testcase classname="tests.test_mcp_client.TestMCPClient" name="test_start_registers_tools" time="0.001" /><testcase classname="tests.test_mcp_client.TestMCPClient" name="test_log_call" time="0.000" /><testcase classname="tests.test_mcp_client.TestMCPClient" name="test_log_call_max" time="0.001" /><testcase classname="tests.test_mcp_client.TestMCPClient" name="test_get_tools_for_prompt_with_tools" time="0.000" /><testcase classname="tests.t
[...]
run_once_runs_watcher_again_after_interval_elapses" time="0.000" /><testcase classname="tests.test_watchers" name="test_run_once_routes_event_through_attention_and_returns_non_silent_signals" time="0.000" /><testcase classname="tests.test_watchers" name="test_run_once_drops_silent_events" time="0.001" /><testcase classname="tests.test_watchers" name="test_run_once_dedupes_repeated_signals_within_cooldown" time="0.001" /><testcase classname="tests.test_watchers" name="test_run_once_continues_past_a_watcher_that_raises" time="0.002" /><testcase classname="tests.test_watchers" name="test_cpu_ram_watcher_fires_after_sustained_breaches" time="0.001" /><testcase classname="tests.test_watchers" name="test_mcp_health_watcher_edge_triggers_on_newly_down_server" time="0.001" /><testcase classname="tests.test_watchers" name="test_stalled_task_watcher_fires_after_no_progress" time="0.001" /><testcase classname="tests.test_watchers" name="test_stalled_task_watcher_resets_on_progress" time="0.000" /><testcase classname="tests.test_watchers" name="test_repeated_tool_failure_watcher_edge_triggers" time="0.000" /><testcase classname="tests.test_watchers" name="test_repeated_tool_failure_watcher_reports_each_newly_failed_tool" time="0.001" /><testcase classname="tests.test_watchers" name="test_path_change_watcher_detects_mtime_change" time="0.003" /><testcase classname="tests.test_web_server_extensions.TestListExtensionsEmpty" name="test_empty_by_default" time="0.002" /><testcase classname="tests.test_web_server_extensions.TestProposeExtension" name="test_requires_kind_and_name" time="0.004" /><testcase classname="tests.test_web_server_extensions.TestProposeExtension" name="test_plugin_kind_returns_pending_id" time="0.002" /><testcase classname="tests.test_web_server_extensions.TestProposeExtension" name="test_unknown_plugin_name_errors" time="0.002" /><testcase classname="tests.test_web_server_extensions.TestProposeExtension" name="test_skill_kind_parses_and_lists_declared_scripts" time="0.002" /><testcase classname="tests.test_web_server_extensions.TestProposeExtension" name="test_invalid_skill_text_errors" time="0.002" /><testcase classname="tests.test_web_server_extensions.TestProposeExtension" name="test_injection_phrasing_surfaces_as_warning" time="0.002" /><testcase classname="tests.test_web_server_extensions.TestProposeExtension" name="test_unknown_kind_errors" time="0.002" /><testcase classname="tests.test_web_server_extensions.TestConfirmExtension" name="test_unknown_pending_id_errors" time="0.003" /><testcase classname="tests.test_web_server_extensions.TestConfirmExtension" name="test_decline_does_not_install" time="0.002" /><testcase classname="tests.test_web_server_extensions.TestConfirmExtension" name="test_approve_plugin_installs_and_registers_tools" time="0.002" /><testcase classname="tests.test_web_server_extensions.TestConfirmExtension" name="test_approve_skill_installs_and_registers_scripts" time="0.002" /><testcase classname="tests.test_web_server_extensions.TestConfirmExtension" name="test_confirming_same_pending_id_twice_errors_second_time" time="0.002" /><testcase classname="tests.test_web_server_extensions.TestEnableDisableUninstall" name="test_disable_then_reflected_in_list" time="0.002" /><testcase classname="tests.test_web_server_extensions.TestEnableDisableUninstall" name="test_disable_unknown_errors" time="0.004" /><testcase classname="tests.test_web_server_extensions.TestEnableDisableUninstall" name="test_enable_after_disable_restores_tools" time="0.003" /><testcase classname="tests.test_web_server_extensions.TestEnableDisableUninstall" name="test_uninstall_removes_it_entirely" time="0.002" /><testcase classname="tests.test_web_server_extensions.TestEnableDisableUninstall" name="test_uninstall_unknown_errors" time="0.002" /><testcase classname="tests.test_web_server_extensions.TestEnableDisableUninstall" name="test_disabled_plugin_tools_actually_gone_from_registry" time="0.003" /><testcase classname="tests.test_web_server_extensions.TestVoiceProcessMirroring" name="test_confirm_forwards_extension_installed" time="0.004" /><testcase classname="tests.test_web_server_extensions.TestVoiceProcessMirroring" name="test_enable_forwards_extension_enabled" time="0.003" /><testcase classname="tests.test_web_server_extensions.TestVoiceProcessMirroring" name="test_disable_forwards_extension_disabled" time="0.002" /><testcase classname="tests.test_web_server_extensions.TestVoiceProcessMirroring" name="test_uninstall_forwards_extension_uninstalled" time="0.002" /><testcase classname="tests.test_web_server_extensions.TestVoiceProcessMirroring" name="test_no_event_bus_does_not_raise" time="0.002" /><testcase classname="tests.test_web_server_facts" name="test_get_memory_facts_returns_real_triples" time="0.064" /><testcase classname="tests.test_web_server_facts" name="test_get_memory_facts_no_graph_returns_empty" time="0.003" /><testcase classname="tests.test_web_server_facts" name="test_get_memory_facts_empty_graph_returns_empty" time="0.052" /><testcase classname="tests.test_web_server_hud_widgets" name="test_get_tools_returns_registered_metadata" time="0.003" /><testcase classname="tests.test_web_server_hud_widgets" name="test_get_mcp_status_disabled_returns_empty" time="0.002" /><testcase classname="tests.test_web_server_hud_widgets" name="test_get_mcp_status_returns_health_check" time="0.002" /><testcase classname="tests.test_web_server_hud_widgets" name="test_get_mcp_tools_returns_registered_mcp_definitions" time="0.002" /><testcase classname="tests.test_web_server_hud_widgets" name="test_hud_visibility_defaults_visible_and_replays" time="0.001" /><testcase classname="tests.test_web_server_hud_widgets" name="test_hud_visibility_replays_to_late_clients" time="0.002" /><testcase classname="tests.test_web_server_hud_widgets" name="test_hud_first_summon_opens_once" time="0.003" /><testcase classname="tests.test_web_server_hud_widgets" name="test_hud_repeated_summon_no_duplicate_while_connected" time="0.002" /><testcase classname="tests.test_web_server_hud_widgets" name="test_hud_disconnect_then_summon_opens_again" time="0.002" /><testcase classname="tests.test_web_server_hud_widgets" name="test_hud_close_reopen_cycle" time="0.002" /><testcase classname="tests.test_web_server_hud_widgets" name="test_hud_ws_disconnect_reconnect" time="0.002" /><testcase classname="tests.test_web_server_hud_widgets" name="test_pet_independent_of_hud" time="0.001" /><testcase classname="tests.test_web_server_hud_widgets" name="test_hud_toggle_visibility" time="0.004" /><testcase classname="tests.test_web_server_hud_widgets" name="test_hud_toggle_with_zero_clients_reopens_after_manual_browser_close" time="0.002" /><testcase classname="tests.test_web_server_hud_widgets" name="test_terminal_input_routes_through_main_approval_channel" time="0.002" /><testcase classname="tests.test_web_server_mcp_lazy" name="test_ensure_mcp_client_noop_when_disabled" time="0.001" /><testcase classname="tests.test_web_server_mcp_lazy" name="test_ensure_mcp_client_starts_once_when_enabled" time="0.001" /><testcase classname="tests.test_web_server_mcp_lazy" name="test_ensure_mcp_client_async_does_not_block_event_loop" time="0.369" /><testcase classname="tests.test_web_server_presentation" name="test_non_loopback_host_is_rejected_without_authentication" time="0.001" /><testcase classname="tests.test_web_server_presentation" name="test_presentation_intent_update_replay_then_dismiss" time="0.001" /><testcase classname="tests.test_web_server_presentation" name="test_non_replayable_presentation_is_not_cached" time="0.001" /><testcase classname="tests.test_web_server_presentation" name="test_unrelated_event_type_ignored" time="0.001" /><testcase classname="tests.test_web_server_presentation" name="test_clear_screen_command_is_transient_and_not_replayed" time="0.001" /><testcase classname="tests.test_web_server_presentation" name="test_approval_request_then_resolved" time="0.001" /><testcase classname="tests.test_world_model.TestThreads" name="test_open_thread_appears_in_open_list" time="0.001" /><testcase classname="tests.test_world_model.TestThreads" name="test_update_thread_sets_summary" time="0.001" /><testcase classname="tests.test_world_model.TestThreads" name="test_resolve_thread_removes_from_open_list" time="0.001" /><testcase classname="tests.test_world_model.TestThreads" name="test_close_thread_removes_from_open_list" time="0.001" /><testcase classname="tests.test_world_model.TestThreads" name="test_open_threads_ordered_most_recent_first" time="0.001" /><testcase classname="tests.test_world_model.TestThreads" name="test_list_open_threads_respects_limit" time="0.003" /><testcase classname="tests.test_world_model.TestRules" name="test_add_rule_appears_in_active_rules" time="0.001" /><testcase classname="tests.test_world_model.TestRules" name="test_add_rule_starts_at_initial_confidence" time="0.002" /><testcase classname="tests.test_world_model.TestRules" name="test_reinforce_raises_confidence" time="0.001" /><testcase classname="tests.test_world_model.TestRules" name="test_reinforce_caps_at_one" time="0.001" /><testcase classname="tests.test_world_model.TestRules" name="test_decay_lowers_confidence" time="0.001" /><testcase classname="tests.test_world_model.TestRules" name="test_decay_below_floor_retires_rule" time="0.001" /><testcase classname="tests.test_world_model.TestRules" name="test_decayed_rule_excluded_from_active_rules" time="0.002" /><testcase classname="tests.test_world_model.TestRules" name="test_decayed_rule_excluded_from_default_list" time="0.002" /><testcase classname="tests.test_world_model.TestRules" name="test_delete_rule_removes_it_entirely" time="0.001" /><testcase classname="tests.test_world_model.TestRules" name="test_active_rules_ordered_by_confidence" time="0.001" /><testcase classname="tests.test_world_model.TestRules" name="test_active_rules_respects_limit" time="0.002" /><testcase classname="tests.test_world_model.TestRules" name="test_decay_stale_rules_decays_unreinforced" time="0.001" /><testcase classname="tests.test_world_model.TestRules" name="test_decay_stale_rules_skips_recent" time="0.001" /><testcase classname="tests.test_world_model.TestRules" name="test_find_rules_matching_substring" time="0.001" /><testcase classname="tests.test_world_model.TestRules" name="test_find_rules_matching_includes_proposed" time="0.003" /><testcase classname="tests.test_world_model.TestRules" name="test_find_rules_matching_excludes_decayed" time="0.002" /><testcase classname="tests.test_world_model.TestPatternDetection" name="test_no_events_returns_none" time="0.002" /><testcase classname="tests.test_world_model.TestPatternDetection" name="test_below_min_occurrences_returns_none" time="0.001" /><testcase classname="tests.test_world_model.TestPatternDetection" name="test_repeated_pair_detected" time="0.001" /><testcase classname="tests.test_world_model.TestPatternDetection" name="test_same_app_pair_ignored" time="0.001" /><testcase classname="tests.test_world_model.TestPatternDetection" name="test_outside_window_not_counted" time="0.001" /><testcase classname="tests.test_world_model.TestProposedRules" name="test_propose_rule_not_in_active_rules" time="0.003" /><testcase classname="tests.test_world_model.TestProposedRules" name="test_propose_rule_in_full_list" time="0.002" /><testcase classname="tests.test_world_model.TestProposedRules" name="test_approve_rule_makes_it_active" time="0.001" /><testcase classname="tests.test_world_model.TestProposedRules" name="test_delete_proposed_rule" time="0.001" /><testcase classname="tests.test_world_model.TestMachineEvents" name="test_record_and_recall_event" time="0.001" /><testcase classname="tests.test_world_model.TestMachineEvents" name="test_filter_by_event_type" time="0.001" /><testcase classname="tests.test_world_model.TestMachineEvents" name="test_recent_events_respects_limit" time="0.001" /><testcase classname="tests.test_world_model.TestMachineEvents" name="test_recent_events_most_recent_first" time="0.001" /><testcase classname="tests.test_world_model.TestContextSlice" name="test_empty_store_returns_empty_string" time="0.002" /><testcase classname="tests.test_world_model.TestContextSlice" name="test_includes_open_threads" time="0.002" /><testcase classname="tests.test_world_model.TestContextSlice" name="test_excludes_resolved_threads" time="0.001" /><testcase classname="tests.test_world_model.TestContextSlice" name="test_includes_recent_tool_errors_only" time="0.002" /><testcase classname="tests.test_world_model.TestContextSlice" name="test_includes_active_rules_only" time="0.002" /><testcase classname="tests.test_world_model.TestContextSlice" name="test_respects_char_budget" time="0.002" /><testcase classname="tests.test_world_model_integration.TestMachineEventWriters" name="test_gated_tool_error_recorded" time="0.699" /><testcase classname="tests.test_world_model_integration.TestMachineEventWriters" name="test_open_app_fast_path_recorded" time="0.575" /><testcase classname="tests.test_world_model_integration.TestOutcomeFeedback" name="test_unreliable_tool_gets_a_rule" time="0.653" /><testcase classname="tests.test_world_model_integration.TestOutcomeFeedback" name="test_no_duplicate_rule_on_repeat_check" time="0.535" /><testcase classname="tests.test_world_model_integration.TestOutcomeFeedback" name="test_reliable_tool_gets_no_rule" time="0.577" /><testcase classname="tests.test_world_model_integration.TestObservedPatterns" name="test_repeated_sequence_gets_proposed_not_active" time="0.555" /><testcase classname="tests.test_world_model_integration.TestObservedPatterns" name="test_no_pattern_proposes_nothing" time="0.660" /><testcase classname="tests.test_world_model_integration.TestObservedPatterns" name="test_no_duplicate_proposal_on_repeat_check" time="0.600" /><testcase classname="tests.test_world_model_integration.TestReviewAndForgetCommands" name="test_review_lists_learned_rules" time="0.607" /><testcase classname="tests.test_world_model_integration.TestReviewAndForgetCommands" name="test_review_empty_state" time="0.580" /><testcase classname="tests.test_world_model_integration.TestReviewAndForgetCommands" name="test_forget_deletes_matching_rule" time="0.639" /><testcase classname="tests.test_world_model_integration.TestReviewAndForgetCommands" name="test_forget_no_match" time="0.727" /><testcase classname="tests.test_world_model_integration.TestStandingInstructionWritesRule" name="test_always_phrasing_writes_rule_never_calls_llm" time="0.626" /><testcase classname="tests.test_world_model_integration.TestWorldModelSliceInPrompt" name="test_open_thread_reaches_system_prompt" time="0.677" /><testcase classname="tests.test_ws_recovery" name="test_session_isolation_and_routing" time="0.003" /><testcase classname="tests.test_ws_recovery" name="test_recovery_approval_gate" time="0.113" /><testcase classname="tests.test_ws_sync" name="test_session_scoped_event_isolated_by_session" time="0.002" /><testcase classname="tests.test_ws_sync" name="test_session_scoped_event_unsubscribed_client_gets_nothing" time="0.005" /><testcase classname="tests.test_ws_sync" name="test_non_session_event_is_broadcast_to_all" time="0.001" /><testcase classname="tests.test_ws_sync" name="test_broadcast_survives_connection_set_mutated_mid_iteration" time="0.001" /><testcase classname="tests.test_zero_coverage.TestNormalizeAppList" name="test_single_known_app_unchanged" time="0.001" /><testcase classname="tests.test_zero_coverage.TestNormalizeAppList" name="test_two_known_apps_get_and" time="0.001" /><testcase classname="tests.test_zero_coverage.TestNormalizeAppList" name="test_three_known_apps" time="0.000" /><testcase classname="tests.test_zero_coverage.TestNormalizeAppList" name="test_unknown_words_not_joined" time="0.001" /><testcase classname="tests.test_zero_coverage.TestNormalizeAppList" name="test_no_open_prefix_unchanged" time="0.001" /><testcase classname="tests.test_zero_coverage.TestNormalizeAppList" name="test_mixed_known_and_unknown" time="0.001" /><testcase classname="tests.test_zero_coverage.TestNormalizeAppList" name="test_case_insensitive" time="0.001" /><testcase classname="tests.test_zero_coverage.TestNormalizeAppList" name="test_launch_prefix" time="0.001" /><testcase classname="tests.test_zero_coverage.TestNormalizeAppList" name="test_run_prefix" time="0.001" /><testcase classname="tests.test_zero_coverage.TestNormalizeAppList" name="test_empty_string" time="0.001" /><testcase classname="tests.test_zero_coverage.TestNormalizeAppList" name="test_no_apps_after_prefix" time="0.001" /><testcase classname="tests.test_zero_coverage.TestIterationBudget" name="test_default_values" time="0.001" /><testcase classname="tests.test_zero_coverage.TestIterationBudget" name="test_try_spend_success" time="0.001" /><testcase classname="tests.test_zero_coverage.TestIterationBudget" name="test_try_spend_cost_accumulates" time="0.000" /><testcase classname="tests.test_zero_coverage.TestIterationBudget" name="test_try_spend_exhausted_returns_false" time="0.001" /><testcase classname="tests.test_zero_coverage.TestIterationBudget" name="test_is_exhausted" time="0.001" /><testcase classname="tests.test_zero_coverage.TestIterationBudget" name="test_remaining_never_negative" time="0.001" /><testcase classname="tests.test_zero_coverage.TestIterationBudget" name="test_unknown_tool_defaults_to_cost_1" time="0.001" /><testcase classname="tests.test_zero_coverage.TestTextStreamFilter" name="test_clean_passthrough" time="0.000" /><testcase classname="tests.test_zero_coverage.TestTextStreamFilter" name="test_think_block_stripped" time="0.000" /><testcase classname="tests.test_zero_coverage.TestTextStreamFilter" name="test_tool_line_stripped" time="0.000" /><testcase classname="tests.test_zero_coverage.TestTextStreamFilter" name="test_partial_think_tag_across_chunks" time="0.000" /><testcase classname="tests.test_zero_coverage.TestTextStreamFilter" name="test_partial_tool_tag_across_chunks" time="0.000" /><testcase classname="tests.test_zero_coverage.TestTextStreamFilter" name="test_think_block_multiple" time="0.000" /><testcase classname="tests.test_zero_coverage.TestTextStreamFilter" name="test_push_yields_safe_content" time="0.000" /><testcase classname="tests.test_zero_coverage.TestTextStreamFilter" name="test_flush_returns_residual_buffer" time="0.000" /><testcase classname="tests.test_zero_coverage.TestTextStreamFilter" name="test_flush_returns_empty_during_think" time="0.000" /><testcase classname="tests.test_zero_coverage.TestTextStreamFilter" name="test_flush_returns_empty_during_tool" time="0.000" /><testcase classname="tests.test_zero_coverage.TestTextStreamFilter" name="test_mixed_content" time="0.000" /><testcase classname="tests.test_zero_coverage.TestTextStreamFilter" name="test_empty_chunk" time="0.000" /><testcase classname="tests.test_zero_coverage.TestRecoveryCache" name="test_cache_key_deterministic" time="0.000" /><testcase classname="tests.test_zero_coverage.TestRecoveryCache" name="test_cache_key_different_for_different_inputs" time="0.001" /><testcase classname="tests.test_zero_coverage.TestRecoveryCache" name="test_get_miss_when_no_cache_file" time="0.003" /><testcase classname="tests.test_zero_coverage.TestRecoveryCache" name="test_save_then_get_hit" time="0.004" /><testcase classname="tests.test_zero_coverage.TestRecoveryCache" name="test_get_miss_after_save_different_key" time="0.013" /><testcase classname="tests.test_zero_coverage.TestRuntime" name="test_non_windows_noop" time="0.001" /><testcase classname="tests.test_zero_coverage.TestConfig" name="test_config_loads" time="0.000" /><testcase classname="tests.test_zero_coverage.TestConfig" name="test_charlie_port_is_int" time="0.000" /><testcase classname="tests.test_zero_coverage.TestConfig" name="test_soul_is_string" time="0.001" /><testcase classname="tests.test_zero_coverage.TestConfig" name="test_config_singleton" time="0.002" /></testsuite></testsuites>